# JRE version: OpenJDK Runtime Environment Temurin-21.0.6+7 (21.0.6+7) (build 21.0.6+7-LTS)
# Java VM: OpenJDK 64-Bit Server VM Temurin-21.0.6+7 (21.0.6+7-LTS, mixed mode, sharing, tiered, compressed oops, compressed class ptrs, parallel gc, windows-amd64)
GC Precious Log:
 CardTable entry size: 512
 CPUs: 12 total, 12 available
 Memory: 16202M
 Large Page Support: Disabled
 NUMA Support: Disabled
 Compressed Oops: Enabled (32-bit)
 Alignments: Space 512K, Generation 512K, Heap 2M
 Heap Min Capacity: 100M
 Heap Initial Capacity: 100M
 Heap Max Capacity: 1G
 Pre-touch: Disabled
 Parallel Workers: 10
Heap:
 PSYoungGen      total 22528K, used 5997K [0x00000000eab00000, 0x00000000ec580000, 0x0000000100000000)
  eden space 22016K, 24% used [0x00000000eab00000,0x00000000eb05b748,0x00000000ec080000)
  from space 512K, 100% used [0x00000000ec500000,0x00000000ec580000,0x00000000ec580000)
  to   space 2048K, 0% used [0x00000000ec180000,0x00000000ec180000,0x00000000ec380000)
 ParOldGen       total 68608K, used 21192K [0x00000000c0000000, 0x00000000c4300000, 0x00000000eab00000)
  object space 68608K, 30% used [0x00000000c0000000,0x00000000c14b2218,0x00000000c4300000)
 Metaspace       used 41572K, committed 42880K, reserved 1114112K
  class space    used 4347K, committed 4864K, reserved 1048576K
GC Heap History (20 events):
Event: 8.742 GC heap before
{Heap before GC invocations=9 (full 1):
 PSYoungGen      total 29184K, used 24576K [0x00000000eab00000, 0x00000000ecc00000, 0x0000000100000000)
  eden space 24576K, 100% used [0x00000000eab00000,0x00000000ec300000,0x00000000ec300000)
  from space 4608K, 0% used [0x00000000ec400000,0x00000000ec400000,0x00000000ec880000)
  to   space 3584K, 0% used [0x00000000ec880000,0x00000000ec880000,0x00000000ecc00000)
 ParOldGen       total 68608K, used 12967K [0x00000000c0000000, 0x00000000c4300000, 0x00000000eab00000)
  object space 68608K, 18% used [0x00000000c0000000,0x00000000c0ca9e30,0x00000000c4300000)
 Metaspace       used 22997K, committed 24000K, reserved 1114112K
  class space    used 2284K, committed 2752K, reserved 1048576K
}
Event: 8.744 GC heap after
{Heap after GC invocations=9 (full 1):
 PSYoungGen      total 25088K, used 832K [0x00000000eab00000, 0x00000000ec980000, 0x0000000100000000)
  eden space 24064K, 0% used [0x00000000eab00000,0x00000000eab00000,0x00000000ec280000)
  from space 1024K, 81% used [0x00000000ec880000,0x00000000ec9500b0,0x00000000ec980000)
  to   space 2560K, 0% used [0x00000000ec480000,0x00000000ec480000,0x00000000ec700000)
 ParOldGen       total 68608K, used 12975K [0x00000000c0000000, 0x00000000c4300000, 0x00000000eab00000)
  object space 68608K, 18% used [0x00000000c0000000,0x00000000c0cabe30,0x00000000c4300000)
 Metaspace       used 22997K, committed 24000K, reserved 1114112K
  class space    used 2284K, committed 2752K, reserved 1048576K
}
Event: 8.955 GC heap before
{Heap before GC invocations=10 (full 1):
 PSYoungGen      total 25088K, used 24896K [0x00000000eab00000, 0x00000000ec980000, 0x0000000100000000)
  eden space 24064K, 100% used [0x00000000eab00000,0x00000000ec280000,0x00000000ec280000)
  from space 1024K, 81% used [0x00000000ec880000,0x00000000ec9500b0,0x00000000ec980000)
  to   space 2560K, 0% used [0x00000000ec480000,0x00000000ec480000,0x00000000ec700000)
 ParOldGen       total 68608K, used 12975K [0x00000000c0000000, 0x00000000c4300000, 0x00000000eab00000)
  object space 68608K, 18% used [0x00000000c0000000,0x00000000c0cabe30,0x00000000c4300000)
 Metaspace       used 26398K, committed 27456K, reserved 1114112K
  class space    used 2539K, committed 3008K, reserved 1048576K
}
Event: 8.957 GC heap after
{Heap after GC invocations=10 (full 1):
 PSYoungGen      total 25600K, used 1979K [0x00000000eab00000, 0x00000000ec900000, 0x0000000100000000)
  eden space 23552K, 0% used [0x00000000eab00000,0x00000000eab00000,0x00000000ec200000)
  from space 2048K, 96% used [0x00000000ec480000,0x00000000ec66ee50,0x00000000ec680000)
  to   space 2560K, 0% used [0x00000000ec680000,0x00000000ec680000,0x00000000ec900000)
 ParOldGen       total 68608K, used 13756K [0x00000000c0000000, 0x00000000c4300000, 0x00000000eab00000)
  object space 68608K, 20% used [0x00000000c0000000,0x00000000c0d6f340,0x00000000c4300000)
 Metaspace       used 26398K, committed 27456K, reserved 1114112K
  class space    used 2539K, committed 3008K, reserved 1048576K
}
Event: 9.246 GC heap before
{Heap before GC invocations=11 (full 1):
 PSYoungGen      total 25600K, used 25531K [0x00000000eab00000, 0x00000000ec900000, 0x0000000100000000)
  eden space 23552K, 100% used [0x00000000eab00000,0x00000000ec200000,0x00000000ec200000)
  from space 2048K, 96% used [0x00000000ec480000,0x00000000ec66ee50,0x00000000ec680000)
  to   space 2560K, 0% used [0x00000000ec680000,0x00000000ec680000,0x00000000ec900000)
 ParOldGen       total 68608K, used 13756K [0x00000000c0000000, 0x00000000c4300000, 0x00000000eab00000)
  object space 68608K, 20% used [0x00000000c0000000,0x00000000c0d6f340,0x00000000c4300000)
 Metaspace       used 28063K, committed 28992K, reserved 1114112K
  class space    used 2685K, committed 3072K, reserved 1048576K
}
Event: 9.248 GC heap after
{Heap after GC invocations=11 (full 1):
 PSYoungGen      total 25600K, used 2238K [0x00000000eab00000, 0x00000000ec900000, 0x0000000100000000)
  eden space 23040K, 0% used [0x00000000eab00000,0x00000000eab00000,0x00000000ec180000)
  from space 2560K, 87% used [0x00000000ec680000,0x00000000ec8af8f0,0x00000000ec900000)
  to   space 2560K, 0% used [0x00000000ec400000,0x00000000ec400000,0x00000000ec680000)
 ParOldGen       total 68608K, used 14409K [0x00000000c0000000, 0x00000000c4300000, 0x00000000eab00000)
  object space 68608K, 21% used [0x00000000c0000000,0x00000000c0e12698,0x00000000c4300000)
 Metaspace       used 28063K, committed 28992K, reserved 1114112K
  class space    used 2685K, committed 3072K, reserved 1048576K
}
Event: 9.746 GC heap before
{Heap before GC invocations=12 (full 1):
 PSYoungGen      total 25600K, used 25278K [0x00000000eab00000, 0x00000000ec900000, 0x0000000100000000)
  eden space 23040K, 100% used [0x00000000eab00000,0x00000000ec180000,0x00000000ec180000)
  from space 2560K, 87% used [0x00000000ec680000,0x00000000ec8af8f0,0x00000000ec900000)
  to   space 2560K, 0% used [0x00000000ec400000,0x00000000ec400000,0x00000000ec680000)
 ParOldGen       total 68608K, used 14409K [0x00000000c0000000, 0x00000000c4300000, 0x00000000eab00000)
  object space 68608K, 21% used [0x00000000c0000000,0x00000000c0e12698,0x00000000c4300000)
 Metaspace       used 31396K, committed 32512K, reserved 1114112K
  class space    used 3068K, committed 3520K, reserved 1048576K
}
Event: 9.749 GC heap after
{Heap after GC invocations=12 (full 1):
 PSYoungGen      total 24576K, used 1885K [0x00000000eab00000, 0x00000000ec700000, 0x0000000100000000)
  eden space 22528K, 0% used [0x00000000eab00000,0x00000000eab00000,0x00000000ec100000)
  from space 2048K, 92% used [0x00000000ec400000,0x00000000ec5d7700,0x00000000ec600000)
  to   space 1024K, 0% used [0x00000000ec600000,0x00000000ec600000,0x00000000ec700000)
 ParOldGen       total 68608K, used 16483K [0x00000000c0000000, 0x00000000c4300000, 0x00000000eab00000)
  object space 68608K, 24% used [0x00000000c0000000,0x00000000c1018fd0,0x00000000c4300000)
 Metaspace       used 31396K, committed 32512K, reserved 1114112K
  class space    used 3068K, committed 3520K, reserved 1048576K
}
Event: 10.016 GC heap before
{Heap before GC invocations=13 (full 1):
 PSYoungGen      total 24576K, used 24413K [0x00000000eab00000, 0x00000000ec700000, 0x0000000100000000)
  eden space 22528K, 100% used [0x00000000eab00000,0x00000000ec100000,0x00000000ec100000)
  from space 2048K, 92% used [0x00000000ec400000,0x00000000ec5d7700,0x00000000ec600000)
  to   space 1024K, 0% used [0x00000000ec600000,0x00000000ec600000,0x00000000ec700000)
 ParOldGen       total 68608K, used 16483K [0x00000000c0000000, 0x00000000c4300000, 0x00000000eab00000)
  object space 68608K, 24% used [0x00000000c0000000,0x00000000c1018fd0,0x00000000c4300000)
 Metaspace       used 34405K, committed 35520K, reserved 1114112K
  class space    used 3455K, committed 3904K, reserved 1048576K
}
Event: 10.019 GC heap after
{Heap after GC invocations=13 (full 1):
 PSYoungGen      total 23040K, used 1013K [0x00000000eab00000, 0x00000000ec700000, 0x0000000100000000)
  eden space 22016K, 0% used [0x00000000eab00000,0x00000000eab00000,0x00000000ec080000)
  from space 1024K, 98% used [0x00000000ec600000,0x00000000ec6fd420,0x00000000ec700000)
  to   space 3072K, 0% used [0x00000000ec100000,0x00000000ec100000,0x00000000ec400000)
 ParOldGen       total 68608K, used 18195K [0x00000000c0000000, 0x00000000c4300000, 0x00000000eab00000)
  object space 68608K, 26% used [0x00000000c0000000,0x00000000c11c4f78,0x00000000c4300000)
 Metaspace       used 34405K, committed 35520K, reserved 1114112K
  class space    used 3455K, committed 3904K, reserved 1048576K
}
Event: 10.051 GC heap before
{Heap before GC invocations=14 (full 1):
 PSYoungGen      total 23040K, used 3670K [0x00000000eab00000, 0x00000000ec700000, 0x0000000100000000)
  eden space 22016K, 12% used [0x00000000eab00000,0x00000000ead98700,0x00000000ec080000)
  from space 1024K, 98% used [0x00000000ec600000,0x00000000ec6fd420,0x00000000ec700000)
  to   space 3072K, 0% used [0x00000000ec100000,0x00000000ec100000,0x00000000ec400000)
 ParOldGen       total 68608K, used 18195K [0x00000000c0000000, 0x00000000c4300000, 0x00000000eab00000)
  object space 68608K, 26% used [0x00000000c0000000,0x00000000c11c4f78,0x00000000c4300000)
 Metaspace       used 34654K, committed 35840K, reserved 1114112K
  class space    used 3491K, committed 3968K, reserved 1048576K
}
Event: 10.053 GC heap after
{Heap after GC invocations=14 (full 1):
 PSYoungGen      total 25088K, used 800K [0x00000000eab00000, 0x00000000ec680000, 0x0000000100000000)
  eden space 22016K, 0% used [0x00000000eab00000,0x00000000eab00000,0x00000000ec080000)
  from space 3072K, 26% used [0x00000000ec100000,0x00000000ec1c8000,0x00000000ec400000)
  to   space 1536K, 0% used [0x00000000ec500000,0x00000000ec500000,0x00000000ec680000)
 ParOldGen       total 68608K, used 19059K [0x00000000c0000000, 0x00000000c4300000, 0x00000000eab00000)
  object space 68608K, 27% used [0x00000000c0000000,0x00000000c129ceb8,0x00000000c4300000)
 Metaspace       used 34654K, committed 35840K, reserved 1114112K
  class space    used 3491K, committed 3968K, reserved 1048576K
}
Event: 10.053 GC heap before
{Heap before GC invocations=15 (full 2):
 PSYoungGen      total 25088K, used 800K [0x00000000eab00000, 0x00000000ec680000, 0x0000000100000000)
  eden space 22016K, 0% used [0x00000000eab00000,0x00000000eab00000,0x00000000ec080000)
  from space 3072K, 26% used [0x00000000ec100000,0x00000000ec1c8000,0x00000000ec400000)
  to   space 1536K, 0% used [0x00000000ec500000,0x00000000ec500000,0x00000000ec680000)
 ParOldGen       total 68608K, used 19059K [0x00000000c0000000, 0x00000000c4300000, 0x00000000eab00000)
  object space 68608K, 27% used [0x00000000c0000000,0x00000000c129ceb8,0x00000000c4300000)
 Metaspace       used 34654K, committed 35840K, reserved 1114112K
  class space    used 3491K, committed 3968K, reserved 1048576K
}
Event: 10.099 GC heap after
{Heap after GC invocations=15 (full 2):
 PSYoungGen      total 25088K, used 0K [0x00000000eab00000, 0x00000000ec680000, 0x0000000100000000)
  eden space 22016K, 0% used [0x00000000eab00000,0x00000000eab00000,0x00000000ec080000)
  from space 3072K, 0% used [0x00000000ec100000,0x00000000ec100000,0x00000000ec400000)
  to   space 1536K, 0% used [0x00000000ec500000,0x00000000ec500000,0x00000000ec680000)
 ParOldGen       total 68608K, used 18971K [0x00000000c0000000, 0x00000000c4300000, 0x00000000eab00000)
  object space 68608K, 27% used [0x00000000c0000000,0x00000000c1286fc0,0x00000000c4300000)
 Metaspace       used 34654K, committed 35840K, reserved 1114112K
  class space    used 3491K, committed 3968K, reserved 1048576K
}
Event: 10.375 GC heap before
{Heap before GC invocations=16 (full 2):
 PSYoungGen      total 25088K, used 22016K [0x00000000eab00000, 0x00000000ec680000, 0x0000000100000000)
  eden space 22016K, 100% used [0x00000000eab00000,0x00000000ec080000,0x00000000ec080000)
  from space 3072K, 0% used [0x00000000ec100000,0x00000000ec100000,0x00000000ec400000)
  to   space 1536K, 0% used [0x00000000ec500000,0x00000000ec500000,0x00000000ec680000)
 ParOldGen       total 68608K, used 18971K [0x00000000c0000000, 0x00000000c4300000, 0x00000000eab00000)
  object space 68608K, 27% used [0x00000000c0000000,0x00000000c1286fc0,0x00000000c4300000)
 Metaspace       used 36484K, committed 37696K, reserved 1114112K
  class space    used 3726K, committed 4224K, reserved 1048576K
}
Event: 10.378 GC heap after
{Heap after GC invocations=16 (full 2):
 PSYoungGen      total 23552K, used 1248K [0x00000000eab00000, 0x00000000ec680000, 0x0000000100000000)
  eden space 22016K, 0% used [0x00000000eab00000,0x00000000eab00000,0x00000000ec080000)
  from space 1536K, 81% used [0x00000000ec500000,0x00000000ec638000,0x00000000ec680000)
  to   space 1536K, 0% used [0x00000000ec380000,0x00000000ec380000,0x00000000ec500000)
 ParOldGen       total 68608K, used 18979K [0x00000000c0000000, 0x00000000c4300000, 0x00000000eab00000)
  object space 68608K, 27% used [0x00000000c0000000,0x00000000c1288fc0,0x00000000c4300000)
 Metaspace       used 36484K, committed 37696K, reserved 1114112K
  class space    used 3726K, committed 4224K, reserved 1048576K
}
Event: 10.850 GC heap before
{Heap before GC invocations=17 (full 2):
 PSYoungGen      total 23552K, used 23264K [0x00000000eab00000, 0x00000000ec680000, 0x0000000100000000)
  eden space 22016K, 100% used [0x00000000eab00000,0x00000000ec080000,0x00000000ec080000)
  from space 1536K, 81% used [0x00000000ec500000,0x00000000ec638000,0x00000000ec680000)
  to   space 1536K, 0% used [0x00000000ec380000,0x00000000ec380000,0x00000000ec500000)
 ParOldGen       total 68608K, used 18979K [0x00000000c0000000, 0x00000000c4300000, 0x00000000eab00000)
  object space 68608K, 27% used [0x00000000c0000000,0x00000000c1288fc0,0x00000000c4300000)
 Metaspace       used 38299K, committed 39616K, reserved 1114112K
  class space    used 3953K, committed 4480K, reserved 1048576K
}
Event: 10.853 GC heap after
{Heap after GC invocations=17 (full 2):
 PSYoungGen      total 23552K, used 1184K [0x00000000eab00000, 0x00000000ec580000, 0x0000000100000000)
  eden space 22016K, 0% used [0x00000000eab00000,0x00000000eab00000,0x00000000ec080000)
  from space 1536K, 77% used [0x00000000ec380000,0x00000000ec4a8000,0x00000000ec500000)
  to   space 512K, 0% used [0x00000000ec500000,0x00000000ec500000,0x00000000ec580000)
 ParOldGen       total 68608K, used 19987K [0x00000000c0000000, 0x00000000c4300000, 0x00000000eab00000)
  object space 68608K, 29% used [0x00000000c0000000,0x00000000c1384fc0,0x00000000c4300000)
 Metaspace       used 38299K, committed 39616K, reserved 1114112K
  class space    used 3953K, committed 4480K, reserved 1048576K
}
Event: 11.202 GC heap before
{Heap before GC invocations=18 (full 2):
 PSYoungGen      total 23552K, used 23200K [0x00000000eab00000, 0x00000000ec580000, 0x0000000100000000)
  eden space 22016K, 100% used [0x00000000eab00000,0x00000000ec080000,0x00000000ec080000)
  from space 1536K, 77% used [0x00000000ec380000,0x00000000ec4a8000,0x00000000ec500000)
  to   space 512K, 0% used [0x00000000ec500000,0x00000000ec500000,0x00000000ec580000)
 ParOldGen       total 68608K, used 19987K [0x00000000c0000000, 0x00000000c4300000, 0x00000000eab00000)
  object space 68608K, 29% used [0x00000000c0000000,0x00000000c1384fc0,0x00000000c4300000)
 Metaspace       used 41072K, committed 42368K, reserved 1114112K
  class space    used 4278K, committed 4800K, reserved 1048576K
}
Event: 11.204 GC heap after
{Heap after GC invocations=18 (full 2):
 PSYoungGen      total 22528K, used 512K [0x00000000eab00000, 0x00000000ec580000, 0x0000000100000000)
  eden space 22016K, 0% used [0x00000000eab00000,0x00000000eab00000,0x00000000ec080000)
  from space 512K, 100% used [0x00000000ec500000,0x00000000ec580000,0x00000000ec580000)
  to   space 2048K, 0% used [0x00000000ec180000,0x00000000ec180000,0x00000000ec380000)
 ParOldGen       total 68608K, used 21192K [0x00000000c0000000, 0x00000000c4300000, 0x00000000eab00000)
  object space 68608K, 30% used [0x00000000c0000000,0x00000000c14b2218,0x00000000c4300000)
 Metaspace       used 41072K, committed 42368K, reserved 1114112K
  class space    used 4278K, committed 4800K, reserved 1048576K
}

