# JRE version: OpenJDK Runtime Environment Temurin-21.0.6+7 (21.0.6+7) (build 21.0.6+7-LTS)
# Java VM: OpenJDK 64-Bit Server VM Temurin-21.0.6+7 (21.0.6+7-LTS, mixed mode, sharing, tiered, compressed oops, compressed class ptrs, parallel gc, windows-amd64)
GC Precious Log:
 CardTable entry size: 512
 CPUs: 12 total, 12 available
 Memory: 16202M
 Large Page Support: Disabled
 NUMA Support: Disabled
 Compressed Oops: Enabled (32-bit)
 Alignments: Space 512K, Generation 512K, Heap 2M
 Heap Min Capacity: 100M
 Heap Initial Capacity: 100M
 Heap Max Capacity: 1G
 Pre-touch: Disabled
 Parallel Workers: 10
Heap:
 PSYoungGen      total 6144K, used 2443K [0x00000000eab00000, 0x00000000eb480000, 0x0000000100000000)
  eden space 4096K, 15% used [0x00000000eab00000,0x00000000eaba2fe8,0x00000000eaf00000)
  from space 2048K, 87% used [0x00000000eb280000,0x00000000eb440000,0x00000000eb480000)
  to   space 2560K, 0% used [0x00000000eaf80000,0x00000000eaf80000,0x00000000eb200000)
 ParOldGen       total 362496K, used 362345K [0x00000000c0000000, 0x00000000d6200000, 0x00000000eab00000)
  object space 362496K, 99% used [0x00000000c0000000,0x00000000d61da438,0x00000000d6200000)
 Metaspace       used 71487K, committed 73152K, reserved 1114112K
  class space    used 7484K, committed 8256K, reserved 1048576K
GC Heap History (20 events):
Event: 78.929 GC heap before
{Heap before GC invocations=377 (full 3):
 PSYoungGen      total 5120K, used 5120K [0x00000000eab00000, 0x00000000eb800000, 0x0000000100000000)
  eden space 2560K, 100% used [0x00000000eab00000,0x00000000ead80000,0x00000000ead80000)
  from space 2560K, 100% used [0x00000000ead80000,0x00000000eb000000,0x00000000eb000000)
  to   space 5120K, 0% used [0x00000000eb300000,0x00000000eb300000,0x00000000eb800000)
 ParOldGen       total 312832K, used 312621K [0x00000000c0000000, 0x00000000d3180000, 0x00000000eab00000)
  object space 312832K, 99% used [0x00000000c0000000,0x00000000d314b4a0,0x00000000d3180000)
 Metaspace       used 71433K, committed 73152K, reserved 1114112K
  class space    used 7484K, committed 8256K, reserved 1048576K
}
Event: 78.932 GC heap after
{Heap after GC invocations=377 (full 3):
 PSYoungGen      total 6144K, used 2645K [0x00000000eab00000, 0x00000000eb600000, 0x0000000100000000)
  eden space 3072K, 0% used [0x00000000eab00000,0x00000000eab00000,0x00000000eae00000)
  from space 3072K, 86% used [0x00000000eb300000,0x00000000eb595400,0x00000000eb600000)
  to   space 3584K, 0% used [0x00000000eaf00000,0x00000000eaf00000,0x00000000eb280000)
 ParOldGen       total 315392K, used 315197K [0x00000000c0000000, 0x00000000d3400000, 0x00000000eab00000)
  object space 315392K, 99% used [0x00000000c0000000,0x00000000d33cf4a0,0x00000000d3400000)
 Metaspace       used 71433K, committed 73152K, reserved 1114112K
  class space    used 7484K, committed 8256K, reserved 1048576K
}
Event: 78.953 GC heap before
{Heap before GC invocations=378 (full 3):
 PSYoungGen      total 6144K, used 5070K [0x00000000eab00000, 0x00000000eb600000, 0x0000000100000000)
  eden space 3072K, 78% used [0x00000000eab00000,0x00000000ead5e478,0x00000000eae00000)
  from space 3072K, 86% used [0x00000000eb300000,0x00000000eb595400,0x00000000eb600000)
  to   space 3584K, 0% used [0x00000000eaf00000,0x00000000eaf00000,0x00000000eb280000)
 ParOldGen       total 315392K, used 315197K [0x00000000c0000000, 0x00000000d3400000, 0x00000000eab00000)
  object space 315392K, 99% used [0x00000000c0000000,0x00000000d33cf4a0,0x00000000d3400000)
 Metaspace       used 71437K, committed 73152K, reserved 1114112K
  class space    used 7484K, committed 8256K, reserved 1048576K
}
Event: 78.956 GC heap after
{Heap after GC invocations=378 (full 3):
 PSYoungGen      total 6144K, used 2016K [0x00000000eab00000, 0x00000000eb400000, 0x0000000100000000)
  eden space 4096K, 0% used [0x00000000eab00000,0x00000000eab00000,0x00000000eaf00000)
  from space 2048K, 98% used [0x00000000eaf00000,0x00000000eb0f8000,0x00000000eb100000)
  to   space 2560K, 0% used [0x00000000eb180000,0x00000000eb180000,0x00000000eb400000)
 ParOldGen       total 317952K, used 317701K [0x00000000c0000000, 0x00000000d3680000, 0x00000000eab00000)
  object space 317952K, 99% used [0x00000000c0000000,0x00000000d36414a0,0x00000000d3680000)
 Metaspace       used 71437K, committed 73152K, reserved 1114112K
  class space    used 7484K, committed 8256K, reserved 1048576K
}
Event: 78.987 GC heap before
{Heap before GC invocations=379 (full 3):
 PSYoungGen      total 6144K, used 6104K [0x00000000eab00000, 0x00000000eb400000, 0x0000000100000000)
  eden space 4096K, 99% used [0x00000000eab00000,0x00000000eaefe0e8,0x00000000eaf00000)
  from space 2048K, 98% used [0x00000000eaf00000,0x00000000eb0f8000,0x00000000eb100000)
  to   space 2560K, 0% used [0x00000000eb180000,0x00000000eb180000,0x00000000eb400000)
 ParOldGen       total 317952K, used 317701K [0x00000000c0000000, 0x00000000d3680000, 0x00000000eab00000)
  object space 317952K, 99% used [0x00000000c0000000,0x00000000d36414a0,0x00000000d3680000)
 Metaspace       used 71455K, committed 73152K, reserved 1114112K
  class space    used 7484K, committed 8256K, reserved 1048576K
}
Event: 78.991 GC heap after
{Heap after GC invocations=379 (full 3):
 PSYoungGen      total 3072K, used 2555K [0x00000000eab00000, 0x00000000ebc00000, 0x0000000100000000)
  eden space 512K, 0% used [0x00000000eab00000,0x00000000eab00000,0x00000000eab80000)
  from space 2560K, 99% used [0x00000000eb180000,0x00000000eb3fef40,0x00000000eb400000)
  to   space 6144K, 0% used [0x00000000eab80000,0x00000000eab80000,0x00000000eb180000)
 ParOldGen       total 321024K, used 320995K [0x00000000c0000000, 0x00000000d3980000, 0x00000000eab00000)
  object space 321024K, 99% used [0x00000000c0000000,0x00000000d3978e30,0x00000000d3980000)
 Metaspace       used 71455K, committed 73152K, reserved 1114112K
  class space    used 7484K, committed 8256K, reserved 1048576K
}
Event: 78.992 GC heap before
{Heap before GC invocations=380 (full 3):
 PSYoungGen      total 3072K, used 3051K [0x00000000eab00000, 0x00000000ebc00000, 0x0000000100000000)
  eden space 512K, 96% used [0x00000000eab00000,0x00000000eab7c0b8,0x00000000eab80000)
  from space 2560K, 99% used [0x00000000eb180000,0x00000000eb3fef40,0x00000000eb400000)
  to   space 6144K, 0% used [0x00000000eab80000,0x00000000eab80000,0x00000000eb180000)
 ParOldGen       total 321024K, used 320995K [0x00000000c0000000, 0x00000000d3980000, 0x00000000eab00000)
  object space 321024K, 99% used [0x00000000c0000000,0x00000000d3978e30,0x00000000d3980000)
 Metaspace       used 71455K, committed 73152K, reserved 1114112K
  class space    used 7484K, committed 8256K, reserved 1048576K
}
Event: 78.995 GC heap after
{Heap after GC invocations=380 (full 3):
 PSYoungGen      total 1536K, used 666K [0x00000000eab00000, 0x00000000eb200000, 0x0000000100000000)
  eden space 512K, 0% used [0x00000000eab00000,0x00000000eab00000,0x00000000eab80000)
  from space 1024K, 65% used [0x00000000eab80000,0x00000000eac26ba0,0x00000000eac80000)
  to   space 2560K, 0% used [0x00000000eaf80000,0x00000000eaf80000,0x00000000eb200000)
 ParOldGen       total 324096K, used 323594K [0x00000000c0000000, 0x00000000d3c80000, 0x00000000eab00000)
  object space 324096K, 99% used [0x00000000c0000000,0x00000000d3c02b10,0x00000000d3c80000)
 Metaspace       used 71455K, committed 73152K, reserved 1114112K
  class space    used 7484K, committed 8256K, reserved 1048576K
}
Event: 78.997 GC heap before
{Heap before GC invocations=381 (full 3):
 PSYoungGen      total 1536K, used 1178K [0x00000000eab00000, 0x00000000eb200000, 0x0000000100000000)
  eden space 512K, 99% used [0x00000000eab00000,0x00000000eab7fe20,0x00000000eab80000)
  from space 1024K, 65% used [0x00000000eab80000,0x00000000eac26ba0,0x00000000eac80000)
  to   space 2560K, 0% used [0x00000000eaf80000,0x00000000eaf80000,0x00000000eb200000)
 ParOldGen       total 324096K, used 323594K [0x00000000c0000000, 0x00000000d3c80000, 0x00000000eab00000)
  object space 324096K, 99% used [0x00000000c0000000,0x00000000d3c02b10,0x00000000d3c80000)
 Metaspace       used 71455K, committed 73152K, reserved 1114112K
  class space    used 7484K, committed 8256K, reserved 1048576K
}
Event: 78.998 GC heap after
{Heap after GC invocations=381 (full 3):
 PSYoungGen      total 2048K, used 668K [0x00000000eab00000, 0x00000000eb080000, 0x0000000100000000)
  eden space 1024K, 0% used [0x00000000eab00000,0x00000000eab00000,0x00000000eac00000)
  from space 1024K, 65% used [0x00000000eaf80000,0x00000000eb027268,0x00000000eb080000)
  to   space 1024K, 0% used [0x00000000eae80000,0x00000000eae80000,0x00000000eaf80000)
 ParOldGen       total 324608K, used 324126K [0x00000000c0000000, 0x00000000d3d00000, 0x00000000eab00000)
  object space 324608K, 99% used [0x00000000c0000000,0x00000000d3c879b0,0x00000000d3d00000)
 Metaspace       used 71455K, committed 73152K, reserved 1114112K
  class space    used 7484K, committed 8256K, reserved 1048576K
}
Event: 79.004 GC heap before
{Heap before GC invocations=382 (full 3):
 PSYoungGen      total 2048K, used 1692K [0x00000000eab00000, 0x00000000eb080000, 0x0000000100000000)
  eden space 1024K, 99% used [0x00000000eab00000,0x00000000eabffff0,0x00000000eac00000)
  from space 1024K, 65% used [0x00000000eaf80000,0x00000000eb027268,0x00000000eb080000)
  to   space 1024K, 0% used [0x00000000eae80000,0x00000000eae80000,0x00000000eaf80000)
 ParOldGen       total 324608K, used 324126K [0x00000000c0000000, 0x00000000d3d00000, 0x00000000eab00000)
  object space 324608K, 99% used [0x00000000c0000000,0x00000000d3c879b0,0x00000000d3d00000)
 Metaspace       used 71461K, committed 73152K, reserved 1114112K
  class space    used 7484K, committed 8256K, reserved 1048576K
}
Event: 79.005 GC heap after
{Heap after GC invocations=382 (full 3):
 PSYoungGen      total 2560K, used 725K [0x00000000eab00000, 0x00000000eb000000, 0x0000000100000000)
  eden space 1536K, 0% used [0x00000000eab00000,0x00000000eab00000,0x00000000eac80000)
  from space 1024K, 70% used [0x00000000eae80000,0x00000000eaf35460,0x00000000eaf80000)
  to   space 512K, 0% used [0x00000000eaf80000,0x00000000eaf80000,0x00000000eb000000)
 ParOldGen       total 325120K, used 324656K [0x00000000c0000000, 0x00000000d3d80000, 0x00000000eab00000)
  object space 325120K, 99% used [0x00000000c0000000,0x00000000d3d0c198,0x00000000d3d80000)
 Metaspace       used 71461K, committed 73152K, reserved 1114112K
  class space    used 7484K, committed 8256K, reserved 1048576K
}
Event: 79.034 GC heap before
{Heap before GC invocations=383 (full 3):
 PSYoungGen      total 2560K, used 2261K [0x00000000eab00000, 0x00000000eb000000, 0x0000000100000000)
  eden space 1536K, 100% used [0x00000000eab00000,0x00000000eac80000,0x00000000eac80000)
  from space 1024K, 70% used [0x00000000eae80000,0x00000000eaf35460,0x00000000eaf80000)
  to   space 512K, 0% used [0x00000000eaf80000,0x00000000eaf80000,0x00000000eb000000)
 ParOldGen       total 325120K, used 324656K [0x00000000c0000000, 0x00000000d3d80000, 0x00000000eab00000)
  object space 325120K, 99% used [0x00000000c0000000,0x00000000d3d0c198,0x00000000d3d80000)
 Metaspace       used 71468K, committed 73152K, reserved 1114112K
  class space    used 7484K, committed 8256K, reserved 1048576K
}
Event: 79.035 GC heap after
{Heap after GC invocations=383 (full 3):
 PSYoungGen      total 2560K, used 496K [0x00000000eab00000, 0x00000000eb000000, 0x0000000100000000)
  eden space 2048K, 0% used [0x00000000eab00000,0x00000000eab00000,0x00000000ead00000)
  from space 512K, 96% used [0x00000000eaf80000,0x00000000eaffc138,0x00000000eb000000)
  to   space 1536K, 0% used [0x00000000ead00000,0x00000000ead00000,0x00000000eae80000)
 ParOldGen       total 325632K, used 325296K [0x00000000c0000000, 0x00000000d3e00000, 0x00000000eab00000)
  object space 325632K, 99% used [0x00000000c0000000,0x00000000d3dac2d0,0x00000000d3e00000)
 Metaspace       used 71468K, committed 73152K, reserved 1114112K
  class space    used 7484K, committed 8256K, reserved 1048576K
}
Event: 79.042 GC heap before
{Heap before GC invocations=384 (full 3):
 PSYoungGen      total 2560K, used 2544K [0x00000000eab00000, 0x00000000eb000000, 0x0000000100000000)
  eden space 2048K, 100% used [0x00000000eab00000,0x00000000ead00000,0x00000000ead00000)
  from space 512K, 96% used [0x00000000eaf80000,0x00000000eaffc138,0x00000000eb000000)
  to   space 1536K, 0% used [0x00000000ead00000,0x00000000ead00000,0x00000000eae80000)
 ParOldGen       total 325632K, used 325296K [0x00000000c0000000, 0x00000000d3e00000, 0x00000000eab00000)
  object space 325632K, 99% used [0x00000000c0000000,0x00000000d3dac2d0,0x00000000d3e00000)
 Metaspace       used 71471K, committed 73152K, reserved 1114112K
  class space    used 7484K, committed 8256K, reserved 1048576K
}
Event: 79.044 GC heap after
{Heap after GC invocations=384 (full 3):
 PSYoungGen      total 3584K, used 1536K [0x00000000eab00000, 0x00000000eb380000, 0x0000000100000000)
  eden space 2048K, 0% used [0x00000000eab00000,0x00000000eab00000,0x00000000ead00000)
  from space 1536K, 100% used [0x00000000ead00000,0x00000000eae80000,0x00000000eae80000)
  to   space 3072K, 0% used [0x00000000eb080000,0x00000000eb080000,0x00000000eb380000)
 ParOldGen       total 326144K, used 326129K [0x00000000c0000000, 0x00000000d3e80000, 0x00000000eab00000)
  object space 326144K, 99% used [0x00000000c0000000,0x00000000d3e7c408,0x00000000d3e80000)
 Metaspace       used 71471K, committed 73152K, reserved 1114112K
  class space    used 7484K, committed 8256K, reserved 1048576K
}
Event: 79.050 GC heap before
{Heap before GC invocations=385 (full 3):
 PSYoungGen      total 3584K, used 3584K [0x00000000eab00000, 0x00000000eb380000, 0x0000000100000000)
  eden space 2048K, 100% used [0x00000000eab00000,0x00000000ead00000,0x00000000ead00000)
  from space 1536K, 100% used [0x00000000ead00000,0x00000000eae80000,0x00000000eae80000)
  to   space 3072K, 0% used [0x00000000eb080000,0x00000000eb080000,0x00000000eb380000)
 ParOldGen       total 326144K, used 326129K [0x00000000c0000000, 0x00000000d3e80000, 0x00000000eab00000)
  object space 326144K, 99% used [0x00000000c0000000,0x00000000d3e7c408,0x00000000d3e80000)
 Metaspace       used 71473K, committed 73152K, reserved 1114112K
  class space    used 7484K, committed 8256K, reserved 1048576K
}
Event: 79.053 GC heap after
{Heap after GC invocations=385 (full 3):
 PSYoungGen      total 4608K, used 1856K [0x00000000eab00000, 0x00000000eb280000, 0x0000000100000000)
  eden space 2560K, 0% used [0x00000000eab00000,0x00000000eab00000,0x00000000ead80000)
  from space 2048K, 90% used [0x00000000eb080000,0x00000000eb250000,0x00000000eb280000)
  to   space 2048K, 0% used [0x00000000eae80000,0x00000000eae80000,0x00000000eb080000)
 ParOldGen       total 328192K, used 327729K [0x00000000c0000000, 0x00000000d4080000, 0x00000000eab00000)
  object space 328192K, 99% used [0x00000000c0000000,0x00000000d400c408,0x00000000d4080000)
 Metaspace       used 71473K, committed 73152K, reserved 1114112K
  class space    used 7484K, committed 8256K, reserved 1048576K
}
Event: 79.060 GC heap before
{Heap before GC invocations=386 (full 3):
 PSYoungGen      total 4608K, used 4416K [0x00000000eab00000, 0x00000000eb280000, 0x0000000100000000)
  eden space 2560K, 100% used [0x00000000eab00000,0x00000000ead80000,0x00000000ead80000)
  from space 2048K, 90% used [0x00000000eb080000,0x00000000eb250000,0x00000000eb280000)
  to   space 2048K, 0% used [0x00000000eae80000,0x00000000eae80000,0x00000000eb080000)
 ParOldGen       total 336384K, used 335409K [0x00000000c0000000, 0x00000000d4880000, 0x00000000eab00000)
  object space 336384K, 99% used [0x00000000c0000000,0x00000000d478c418,0x00000000d4880000)
 Metaspace       used 71473K, committed 73152K, reserved 1114112K
  class space    used 7484K, committed 8256K, reserved 1048576K
}
Event: 79.064 GC heap after
{Heap after GC invocations=386 (full 3):
 PSYoungGen      total 5120K, used 2032K [0x00000000eab00000, 0x00000000eb700000, 0x0000000100000000)
  eden space 3072K, 0% used [0x00000000eab00000,0x00000000eab00000,0x00000000eae00000)
  from space 2048K, 99% used [0x00000000eae80000,0x00000000eb07c010,0x00000000eb080000)
  to   space 4608K, 0% used [0x00000000eb280000,0x00000000eb280000,0x00000000eb700000)
 ParOldGen       total 337408K, used 337281K [0x00000000c0000000, 0x00000000d4980000, 0x00000000eab00000)
  object space 337408K, 99% used [0x00000000c0000000,0x00000000d4960418,0x00000000d4980000)
 Metaspace       used 71473K, committed 73152K, reserved 1114112K
  class space    used 7484K, committed 8256K, reserved 1048576K
}

