# JRE version: Java(TM) SE Runtime Environment (21.0.2+13) (build 21.0.2+13-LTS-58)
# Java VM: Java HotSpot(TM) 64-Bit Server VM (21.0.2+13-LTS-58, mixed mode, sharing, tiered, compressed oops, compressed class ptrs, g1 gc, windows-amd64)
GC Precious Log:
 CardTable entry size: 512
 Card Set container configuration: InlinePtr #cards 4 size 8 Array Of Cards #cards 16 size 48 Howl #buckets 8 coarsen threshold 3686 Howl Bitmap #cards 512 size 80 coarsen threshold 460 Card regions per heap region 1 cards per card region 4096
 CPUs: 12 total, 12 available
 Memory: 16202M
 Large Page Support: Disabled
 NUMA Support: Disabled
 Compressed Oops: Enabled (Zero based)
 Heap Region Size: 2M
 Heap Min Capacity: 8M
 Heap Initial Capacity: 254M
 Heap Max Capacity: 4052M
 Pre-touch: Disabled
 Parallel Workers: 10
 Concurrent Workers: 3
 Concurrent Refinement Workers: 10
 Periodic GC: Disabled
Heap:
 garbage-first heap   total 149504K, used 75608K [0x0000000702c00000, 0x0000000800000000)
  region size 2048K, 13 young (26624K), 1 survivors (2048K)
 Metaspace       used 35309K, committed 35840K, reserved 1114112K
  class space    used 4037K, committed 4288K, reserved 1048576K
GC Heap History (12 events):
Event: 3.335 GC heap before
{Heap before GC invocations=0 (full 0):
 garbage-first heap   total 260096K, used 22528K [0x0000000702c00000, 0x0000000800000000)
  region size 2048K, 11 young (22528K), 0 survivors (0K)
 Metaspace       used 5634K, committed 5824K, reserved 1114112K
  class space    used 660K, committed 768K, reserved 1048576K
}
Event: 3.338 GC heap after
{Heap after GC invocations=1 (full 0):
 garbage-first heap   total 260096K, used 4021K [0x0000000702c00000, 0x0000000800000000)
  region size 2048K, 2 young (4096K), 2 survivors (4096K)
 Metaspace       used 5634K, committed 5824K, reserved 1114112K
  class space    used 660K, committed 768K, reserved 1048576K
}
Event: 3.852 GC heap before
{Heap before GC invocations=1 (full 0):
 garbage-first heap   total 260096K, used 36789K [0x0000000702c00000, 0x0000000800000000)
  region size 2048K, 18 young (36864K), 2 survivors (4096K)
 Metaspace       used 10254K, committed 10432K, reserved 1114112K
  class space    used 1226K, committed 1344K, reserved 1048576K
}
Event: 3.856 GC heap after
{Heap after GC invocations=2 (full 0):
 garbage-first heap   total 260096K, used 5536K [0x0000000702c00000, 0x0000000800000000)
  region size 2048K, 1 young (2048K), 1 survivors (2048K)
 Metaspace       used 10254K, committed 10432K, reserved 1114112K
  class space    used 1226K, committed 1344K, reserved 1048576K
}
Event: 6.383 GC heap before
{Heap before GC invocations=2 (full 0):
 garbage-first heap   total 260096K, used 161184K [0x0000000702c00000, 0x0000000800000000)
  region size 2048K, 75 young (153600K), 1 survivors (2048K)
 Metaspace       used 21123K, committed 21504K, reserved 1114112K
  class space    used 2413K, committed 2560K, reserved 1048576K
}
Event: 6.396 GC heap after
{Heap after GC invocations=3 (full 0):
 garbage-first heap   total 260096K, used 28367K [0x0000000702c00000, 0x0000000800000000)
  region size 2048K, 9 young (18432K), 9 survivors (18432K)
 Metaspace       used 21123K, committed 21504K, reserved 1114112K
  class space    used 2413K, committed 2560K, reserved 1048576K
}
Event: 7.907 GC heap before
{Heap before GC invocations=4 (full 0):
 garbage-first heap   total 110592K, used 108239K [0x0000000702c00000, 0x0000000800000000)
  region size 2048K, 48 young (98304K), 9 survivors (18432K)
 Metaspace       used 29268K, committed 29696K, reserved 1114112K
  class space    used 3359K, committed 3520K, reserved 1048576K
}
Event: 7.927 GC heap after
{Heap after GC invocations=5 (full 0):
 garbage-first heap   total 143360K, used 38000K [0x0000000702c00000, 0x0000000800000000)
  region size 2048K, 7 young (14336K), 7 survivors (14336K)
 Metaspace       used 29268K, committed 29696K, reserved 1114112K
  class space    used 3359K, committed 3520K, reserved 1048576K
}
Event: 8.703 GC heap before
{Heap before GC invocations=5 (full 0):
 garbage-first heap   total 143360K, used 115824K [0x0000000702c00000, 0x0000000800000000)
  region size 2048K, 42 young (86016K), 7 survivors (14336K)
 Metaspace       used 30006K, committed 30464K, reserved 1114112K
  class space    used 3432K, committed 3648K, reserved 1048576K
}
Event: 8.733 GC heap after
{Heap after GC invocations=6 (full 0):
 garbage-first heap   total 149504K, used 59392K [0x0000000702c00000, 0x0000000800000000)
  region size 2048K, 6 young (12288K), 6 survivors (12288K)
 Metaspace       used 30006K, committed 30464K, reserved 1114112K
  class space    used 3432K, committed 3648K, reserved 1048576K
}
Event: 9.873 GC heap before
{Heap before GC invocations=6 (full 0):
 garbage-first heap   total 149504K, used 114688K [0x0000000702c00000, 0x0000000800000000)
  region size 2048K, 33 young (67584K), 6 survivors (12288K)
 Metaspace       used 32162K, committed 32704K, reserved 1114112K
  class space    used 3706K, committed 3968K, reserved 1048576K
}
Event: 9.876 GC heap after
{Heap after GC invocations=7 (full 0):
 garbage-first heap   total 149504K, used 53080K [0x0000000702c00000, 0x0000000800000000)
  region size 2048K, 1 young (2048K), 1 survivors (2048K)
 Metaspace       used 32162K, committed 32704K, reserved 1114112K
  class space    used 3706K, committed 3968K, reserved 1048576K
}

