# JRE version: OpenJDK Runtime Environment Temurin-21.0.6+7 (21.0.6+7) (build 21.0.6+7-LTS)
# Java VM: OpenJDK 64-Bit Server VM Temurin-21.0.6+7 (21.0.6+7-LTS, mixed mode, sharing, tiered, compressed oops, compressed class ptrs, parallel gc, windows-amd64)
GC Precious Log:
 CardTable entry size: 512
 CPUs: 12 total, 12 available
 Memory: 16202M
 Large Page Support: Disabled
 NUMA Support: Disabled
 Compressed Oops: Enabled (32-bit)
 Alignments: Space 512K, Generation 512K, Heap 2M
 Heap Min Capacity: 100M
 Heap Initial Capacity: 100M
 Heap Max Capacity: 1G
 Pre-touch: Disabled
 Parallel Workers: 10
Heap:
 PSYoungGen      total 12288K, used 7807K [0x00000000eab00000, 0x00000000ebf00000, 0x0000000100000000)
  eden space 11776K, 62% used [0x00000000eab00000,0x00000000eb221d90,0x00000000eb680000)
  from space 512K, 98% used [0x00000000ebe80000,0x00000000ebefe1a8,0x00000000ebf00000)
  to   space 1536K, 0% used [0x00000000ebc00000,0x00000000ebc00000,0x00000000ebd80000)
 ParOldGen       total 68608K, used 36991K [0x00000000c0000000, 0x00000000c4300000, 0x00000000eab00000)
  object space 68608K, 53% used [0x00000000c0000000,0x00000000c241ff38,0x00000000c4300000)
 Metaspace       used 47688K, committed 48896K, reserved 1114112K
  class space    used 5067K, committed 5568K, reserved 1048576K
GC Heap History (20 events):
Event: 10.186 GC heap before
{Heap before GC invocations=15 (full 2):
 PSYoungGen      total 25088K, used 528K [0x00000000eab00000, 0x00000000ec700000, 0x0000000100000000)
  eden space 22016K, 0% used [0x00000000eab00000,0x00000000eab00000,0x00000000ec080000)
  from space 3072K, 17% used [0x00000000ec200000,0x00000000ec284010,0x00000000ec500000)
  to   space 1536K, 0% used [0x00000000ec580000,0x00000000ec580000,0x00000000ec700000)
 ParOldGen       total 68608K, used 19046K [0x00000000c0000000, 0x00000000c4300000, 0x00000000eab00000)
  object space 68608K, 27% used [0x00000000c0000000,0x00000000c12999c0,0x00000000c4300000)
 Metaspace       used 34635K, committed 35840K, reserved 1114112K
  class space    used 3493K, committed 4032K, reserved 1048576K
}
Event: 10.232 GC heap after
{Heap after GC invocations=15 (full 2):
 PSYoungGen      total 25088K, used 0K [0x00000000eab00000, 0x00000000ec700000, 0x0000000100000000)
  eden space 22016K, 0% used [0x00000000eab00000,0x00000000eab00000,0x00000000ec080000)
  from space 3072K, 0% used [0x00000000ec200000,0x00000000ec200000,0x00000000ec500000)
  to   space 1536K, 0% used [0x00000000ec580000,0x00000000ec580000,0x00000000ec700000)
 ParOldGen       total 68608K, used 18891K [0x00000000c0000000, 0x00000000c4300000, 0x00000000eab00000)
  object space 68608K, 27% used [0x00000000c0000000,0x00000000c1272cd0,0x00000000c4300000)
 Metaspace       used 34635K, committed 35840K, reserved 1114112K
  class space    used 3493K, committed 4032K, reserved 1048576K
}
Event: 10.501 GC heap before
{Heap before GC invocations=16 (full 2):
 PSYoungGen      total 25088K, used 22016K [0x00000000eab00000, 0x00000000ec700000, 0x0000000100000000)
  eden space 22016K, 100% used [0x00000000eab00000,0x00000000ec080000,0x00000000ec080000)
  from space 3072K, 0% used [0x00000000ec200000,0x00000000ec200000,0x00000000ec500000)
  to   space 1536K, 0% used [0x00000000ec580000,0x00000000ec580000,0x00000000ec700000)
 ParOldGen       total 68608K, used 18891K [0x00000000c0000000, 0x00000000c4300000, 0x00000000eab00000)
  object space 68608K, 27% used [0x00000000c0000000,0x00000000c1272cd0,0x00000000c4300000)
 Metaspace       used 36809K, committed 38016K, reserved 1114112K
  class space    used 3761K, committed 4288K, reserved 1048576K
}
Event: 10.503 GC heap after
{Heap after GC invocations=16 (full 2):
 PSYoungGen      total 23552K, used 1509K [0x00000000eab00000, 0x00000000ec700000, 0x0000000100000000)
  eden space 22016K, 0% used [0x00000000eab00000,0x00000000eab00000,0x00000000ec080000)
  from space 1536K, 98% used [0x00000000ec580000,0x00000000ec6f96f0,0x00000000ec700000)
  to   space 2048K, 0% used [0x00000000ec300000,0x00000000ec300000,0x00000000ec500000)
 ParOldGen       total 68608K, used 19179K [0x00000000c0000000, 0x00000000c4300000, 0x00000000eab00000)
  object space 68608K, 27% used [0x00000000c0000000,0x00000000c12bacd0,0x00000000c4300000)
 Metaspace       used 36809K, committed 38016K, reserved 1114112K
  class space    used 3761K, committed 4288K, reserved 1048576K
}
Event: 10.741 GC heap before
{Heap before GC invocations=17 (full 2):
 PSYoungGen      total 23552K, used 23525K [0x00000000eab00000, 0x00000000ec700000, 0x0000000100000000)
  eden space 22016K, 100% used [0x00000000eab00000,0x00000000ec080000,0x00000000ec080000)
  from space 1536K, 98% used [0x00000000ec580000,0x00000000ec6f96f0,0x00000000ec700000)
  to   space 2048K, 0% used [0x00000000ec300000,0x00000000ec300000,0x00000000ec500000)
 ParOldGen       total 68608K, used 19179K [0x00000000c0000000, 0x00000000c4300000, 0x00000000eab00000)
  object space 68608K, 27% used [0x00000000c0000000,0x00000000c12bacd0,0x00000000c4300000)
 Metaspace       used 38892K, committed 40064K, reserved 1114112K
  class space    used 4015K, committed 4544K, reserved 1048576K
}
Event: 10.744 GC heap after
{Heap after GC invocations=17 (full 2):
 PSYoungGen      total 23552K, used 1392K [0x00000000eab00000, 0x00000000ec600000, 0x0000000100000000)
  eden space 22016K, 0% used [0x00000000eab00000,0x00000000eab00000,0x00000000ec080000)
  from space 1536K, 90% used [0x00000000ec300000,0x00000000ec45c010,0x00000000ec480000)
  to   space 1536K, 0% used [0x00000000ec480000,0x00000000ec480000,0x00000000ec600000)
 ParOldGen       total 68608K, used 20567K [0x00000000c0000000, 0x00000000c4300000, 0x00000000eab00000)
  object space 68608K, 29% used [0x00000000c0000000,0x00000000c1415de0,0x00000000c4300000)
 Metaspace       used 38892K, committed 40064K, reserved 1114112K
  class space    used 4015K, committed 4544K, reserved 1048576K
}
Event: 10.966 GC heap before
{Heap before GC invocations=18 (full 2):
 PSYoungGen      total 23552K, used 23408K [0x00000000eab00000, 0x00000000ec600000, 0x0000000100000000)
  eden space 22016K, 100% used [0x00000000eab00000,0x00000000ec080000,0x00000000ec080000)
  from space 1536K, 90% used [0x00000000ec300000,0x00000000ec45c010,0x00000000ec480000)
  to   space 1536K, 0% used [0x00000000ec480000,0x00000000ec480000,0x00000000ec600000)
 ParOldGen       total 68608K, used 20567K [0x00000000c0000000, 0x00000000c4300000, 0x00000000eab00000)
  object space 68608K, 29% used [0x00000000c0000000,0x00000000c1415de0,0x00000000c4300000)
 Metaspace       used 40189K, committed 41344K, reserved 1114112K
  class space    used 4166K, committed 4672K, reserved 1048576K
}
Event: 10.973 GC heap after
{Heap after GC invocations=18 (full 2):
 PSYoungGen      total 13312K, used 1523K [0x00000000eab00000, 0x00000000edc80000, 0x0000000100000000)
  eden space 11776K, 0% used [0x00000000eab00000,0x00000000eab00000,0x00000000eb680000)
  from space 1536K, 99% used [0x00000000ec480000,0x00000000ec5fccb0,0x00000000ec600000)
  to   space 14336K, 0% used [0x00000000eb680000,0x00000000eb680000,0x00000000ec480000)
 ParOldGen       total 68608K, used 31157K [0x00000000c0000000, 0x00000000c4300000, 0x00000000eab00000)
  object space 68608K, 45% used [0x00000000c0000000,0x00000000c1e6d6c8,0x00000000c4300000)
 Metaspace       used 40189K, committed 41344K, reserved 1114112K
  class space    used 4166K, committed 4672K, reserved 1048576K
}
Event: 11.231 GC heap before
{Heap before GC invocations=19 (full 2):
 PSYoungGen      total 13312K, used 13299K [0x00000000eab00000, 0x00000000edc80000, 0x0000000100000000)
  eden space 11776K, 100% used [0x00000000eab00000,0x00000000eb680000,0x00000000eb680000)
  from space 1536K, 99% used [0x00000000ec480000,0x00000000ec5fccb0,0x00000000ec600000)
  to   space 14336K, 0% used [0x00000000eb680000,0x00000000eb680000,0x00000000ec480000)
 ParOldGen       total 68608K, used 31157K [0x00000000c0000000, 0x00000000c4300000, 0x00000000eab00000)
  object space 68608K, 45% used [0x00000000c0000000,0x00000000c1e6d6c8,0x00000000c4300000)
 Metaspace       used 41376K, committed 42560K, reserved 1114112K
  class space    used 4322K, committed 4864K, reserved 1048576K
}
Event: 11.234 GC heap after
{Heap after GC invocations=19 (full 2):
 PSYoungGen      total 13824K, used 1792K [0x00000000eab00000, 0x00000000ec500000, 0x0000000100000000)
  eden space 11776K, 0% used [0x00000000eab00000,0x00000000eab00000,0x00000000eb680000)
  from space 2048K, 87% used [0x00000000eb680000,0x00000000eb840000,0x00000000eb880000)
  to   space 5632K, 0% used [0x00000000ebf80000,0x00000000ebf80000,0x00000000ec500000)
 ParOldGen       total 68608K, used 32726K [0x00000000c0000000, 0x00000000c4300000, 0x00000000eab00000)
  object space 68608K, 47% used [0x00000000c0000000,0x00000000c1ff5a68,0x00000000c4300000)
 Metaspace       used 41376K, committed 42560K, reserved 1114112K
  class space    used 4322K, committed 4864K, reserved 1048576K
}
Event: 11.526 GC heap before
{Heap before GC invocations=20 (full 2):
 PSYoungGen      total 13824K, used 13568K [0x00000000eab00000, 0x00000000ec500000, 0x0000000100000000)
  eden space 11776K, 100% used [0x00000000eab00000,0x00000000eb680000,0x00000000eb680000)
  from space 2048K, 87% used [0x00000000eb680000,0x00000000eb840000,0x00000000eb880000)
  to   space 5632K, 0% used [0x00000000ebf80000,0x00000000ebf80000,0x00000000ec500000)
 ParOldGen       total 68608K, used 32726K [0x00000000c0000000, 0x00000000c4300000, 0x00000000eab00000)
  object space 68608K, 47% used [0x00000000c0000000,0x00000000c1ff5a68,0x00000000c4300000)
 Metaspace       used 42780K, committed 43904K, reserved 1114112K
  class space    used 4507K, committed 4992K, reserved 1048576K
}
Event: 11.529 GC heap after
{Heap after GC invocations=20 (full 2):
 PSYoungGen      total 12800K, used 896K [0x00000000eab00000, 0x00000000ec080000, 0x0000000100000000)
  eden space 11776K, 0% used [0x00000000eab00000,0x00000000eab00000,0x00000000eb680000)
  from space 1024K, 87% used [0x00000000ebf80000,0x00000000ec060000,0x00000000ec080000)
  to   space 2048K, 0% used [0x00000000ebc80000,0x00000000ebc80000,0x00000000ebe80000)
 ParOldGen       total 68608K, used 34357K [0x00000000c0000000, 0x00000000c4300000, 0x00000000eab00000)
  object space 68608K, 50% used [0x00000000c0000000,0x00000000c218d768,0x00000000c4300000)
 Metaspace       used 42780K, committed 43904K, reserved 1114112K
  class space    used 4507K, committed 4992K, reserved 1048576K
}
Event: 11.912 GC heap before
{Heap before GC invocations=21 (full 2):
 PSYoungGen      total 12800K, used 12672K [0x00000000eab00000, 0x00000000ec080000, 0x0000000100000000)
  eden space 11776K, 100% used [0x00000000eab00000,0x00000000eb680000,0x00000000eb680000)
  from space 1024K, 87% used [0x00000000ebf80000,0x00000000ec060000,0x00000000ec080000)
  to   space 2048K, 0% used [0x00000000ebc80000,0x00000000ebc80000,0x00000000ebe80000)
 ParOldGen       total 68608K, used 34357K [0x00000000c0000000, 0x00000000c4300000, 0x00000000eab00000)
  object space 68608K, 50% used [0x00000000c0000000,0x00000000c218d768,0x00000000c4300000)
 Metaspace       used 44291K, committed 45504K, reserved 1114112K
  class space    used 4697K, committed 5248K, reserved 1048576K
}
Event: 11.913 GC heap after
{Heap after GC invocations=21 (full 2):
 PSYoungGen      total 13824K, used 928K [0x00000000eab00000, 0x00000000ec000000, 0x0000000100000000)
  eden space 11776K, 0% used [0x00000000eab00000,0x00000000eab00000,0x00000000eb680000)
  from space 2048K, 45% used [0x00000000ebc80000,0x00000000ebd68000,0x00000000ebe80000)
  to   space 1536K, 0% used [0x00000000ebe80000,0x00000000ebe80000,0x00000000ec000000)
 ParOldGen       total 68608K, used 35073K [0x00000000c0000000, 0x00000000c4300000, 0x00000000eab00000)
  object space 68608K, 51% used [0x00000000c0000000,0x00000000c2240798,0x00000000c4300000)
 Metaspace       used 44291K, committed 45504K, reserved 1114112K
  class space    used 4697K, committed 5248K, reserved 1048576K
}
Event: 13.515 GC heap before
{Heap before GC invocations=22 (full 2):
 PSYoungGen      total 13824K, used 12704K [0x00000000eab00000, 0x00000000ec000000, 0x0000000100000000)
  eden space 11776K, 100% used [0x00000000eab00000,0x00000000eb680000,0x00000000eb680000)
  from space 2048K, 45% used [0x00000000ebc80000,0x00000000ebd68000,0x00000000ebe80000)
  to   space 1536K, 0% used [0x00000000ebe80000,0x00000000ebe80000,0x00000000ec000000)
 ParOldGen       total 68608K, used 35073K [0x00000000c0000000, 0x00000000c4300000, 0x00000000eab00000)
  object space 68608K, 51% used [0x00000000c0000000,0x00000000c2240798,0x00000000c4300000)
 Metaspace       used 45519K, committed 46720K, reserved 1114112K
  class space    used 4844K, committed 5376K, reserved 1048576K
}
Event: 13.517 GC heap after
{Heap after GC invocations=22 (full 2):
 PSYoungGen      total 12800K, used 889K [0x00000000eab00000, 0x00000000ebf80000, 0x0000000100000000)
  eden space 11776K, 0% used [0x00000000eab00000,0x00000000eab00000,0x00000000eb680000)
  from space 1024K, 86% used [0x00000000ebe80000,0x00000000ebf5e580,0x00000000ebf80000)
  to   space 1024K, 0% used [0x00000000ebd80000,0x00000000ebd80000,0x00000000ebe80000)
 ParOldGen       total 68608K, used 35814K [0x00000000c0000000, 0x00000000c4300000, 0x00000000eab00000)
  object space 68608K, 52% used [0x00000000c0000000,0x00000000c22f99a8,0x00000000c4300000)
 Metaspace       used 45519K, committed 46720K, reserved 1114112K
  class space    used 4844K, committed 5376K, reserved 1048576K
}
Event: 13.728 GC heap before
{Heap before GC invocations=23 (full 2):
 PSYoungGen      total 12800K, used 12661K [0x00000000eab00000, 0x00000000ebf80000, 0x0000000100000000)
  eden space 11776K, 99% used [0x00000000eab00000,0x00000000eb67f258,0x00000000eb680000)
  from space 1024K, 86% used [0x00000000ebe80000,0x00000000ebf5e580,0x00000000ebf80000)
  to   space 1024K, 0% used [0x00000000ebd80000,0x00000000ebd80000,0x00000000ebe80000)
 ParOldGen       total 68608K, used 35814K [0x00000000c0000000, 0x00000000c4300000, 0x00000000eab00000)
  object space 68608K, 52% used [0x00000000c0000000,0x00000000c22f99a8,0x00000000c4300000)
 Metaspace       used 46110K, committed 47360K, reserved 1114112K
  class space    used 4917K, committed 5440K, reserved 1048576K
}
Event: 13.730 GC heap after
{Heap after GC invocations=23 (full 2):
 PSYoungGen      total 12800K, used 608K [0x00000000eab00000, 0x00000000ebf00000, 0x0000000100000000)
  eden space 11776K, 0% used [0x00000000eab00000,0x00000000eab00000,0x00000000eb680000)
  from space 1024K, 59% used [0x00000000ebd80000,0x00000000ebe18000,0x00000000ebe80000)
  to   space 512K, 0% used [0x00000000ebe80000,0x00000000ebe80000,0x00000000ebf00000)
 ParOldGen       total 68608K, used 36439K [0x00000000c0000000, 0x00000000c4300000, 0x00000000eab00000)
  object space 68608K, 53% used [0x00000000c0000000,0x00000000c2395f38,0x00000000c4300000)
 Metaspace       used 46110K, committed 47360K, reserved 1114112K
  class space    used 4917K, committed 5440K, reserved 1048576K
}
Event: 14.293 GC heap before
{Heap before GC invocations=24 (full 2):
 PSYoungGen      total 12800K, used 12384K [0x00000000eab00000, 0x00000000ebf00000, 0x0000000100000000)
  eden space 11776K, 100% used [0x00000000eab00000,0x00000000eb680000,0x00000000eb680000)
  from space 1024K, 59% used [0x00000000ebd80000,0x00000000ebe18000,0x00000000ebe80000)
  to   space 512K, 0% used [0x00000000ebe80000,0x00000000ebe80000,0x00000000ebf00000)
 ParOldGen       total 68608K, used 36439K [0x00000000c0000000, 0x00000000c4300000, 0x00000000eab00000)
  object space 68608K, 53% used [0x00000000c0000000,0x00000000c2395f38,0x00000000c4300000)
 Metaspace       used 46665K, committed 47872K, reserved 1114112K
  class space    used 4972K, committed 5504K, reserved 1048576K
}
Event: 14.295 GC heap after
{Heap after GC invocations=24 (full 2):
 PSYoungGen      total 12288K, used 504K [0x00000000eab00000, 0x00000000ebf00000, 0x0000000100000000)
  eden space 11776K, 0% used [0x00000000eab00000,0x00000000eab00000,0x00000000eb680000)
  from space 512K, 98% used [0x00000000ebe80000,0x00000000ebefe1a8,0x00000000ebf00000)
  to   space 1536K, 0% used [0x00000000ebc00000,0x00000000ebc00000,0x00000000ebd80000)
 ParOldGen       total 68608K, used 36991K [0x00000000c0000000, 0x00000000c4300000, 0x00000000eab00000)
  object space 68608K, 53% used [0x00000000c0000000,0x00000000c241ff38,0x00000000c4300000)
 Metaspace       used 46665K, committed 47872K, reserved 1114112K
  class space    used 4972K, committed 5504K, reserved 1048576K
}

